[1.107s] Invoking command in '/home/user/ros2_ws/src/mars_rover_tasks': PYTHONPATH=/home/user/ros2_ws/build/mars_rover_tasks/prefix_override:/home/user/ros2_ws/install/mars_rover_tasks/lib/python3.10/site-packages:${PYTHONPATH} _=/usr/bin/env /usr/bin/python3 -W ignore:setup.py install is deprecated setup.py egg_info --egg-base ../../build/mars_rover_tasks build --build-base /home/user/ros2_ws/build/mars_rover_tasks/build install --record /home/user/ros2_ws/build/mars_rover_tasks/install.log --single-version-externally-managed install_data
[1.433s] running egg_info
[1.435s] creating ../../build/mars_rover_tasks/mars_rover_tasks.egg-info
[1.435s] writing ../../build/mars_rover_tasks/mars_rover_tasks.egg-info/PKG-INFO
[1.435s] writing dependency_links to ../../build/mars_rover_tasks/mars_rover_tasks.egg-info/dependency_links.txt
[1.436s] writing entry points to ../../build/mars_rover_tasks/mars_rover_tasks.egg-info/entry_points.txt
[1.436s] writing requirements to ../../build/mars_rover_tasks/mars_rover_tasks.egg-info/requires.txt
[1.436s] writing top-level names to ../../build/mars_rover_tasks/mars_rover_tasks.egg-info/top_level.txt
[1.436s] writing manifest file '../../build/mars_rover_tasks/mars_rover_tasks.egg-info/SOURCES.txt'
[1.438s] reading manifest file '../../build/mars_rover_tasks/mars_rover_tasks.egg-info/SOURCES.txt'
[1.440s] writing manifest file '../../build/mars_rover_tasks/mars_rover_tasks.egg-info/SOURCES.txt'
[1.440s] running build
[1.440s] running build_py
[1.440s] creating /home/user/ros2_ws/build/mars_rover_tasks/build
[1.440s] creating /home/user/ros2_ws/build/mars_rover_tasks/build/lib
[1.441s] creating /home/user/ros2_ws/build/mars_rover_tasks/build/lib/mars_rover_tasks
[1.441s] copying mars_rover_tasks/text_recog.py -> /home/user/ros2_ws/build/mars_rover_tasks/build/lib/mars_rover_tasks
[1.441s] copying mars_rover_tasks/__init__.py -> /home/user/ros2_ws/build/mars_rover_tasks/build/lib/mars_rover_tasks
[1.441s] copying mars_rover_tasks/text_recog_node.py -> /home/user/ros2_ws/build/mars_rover_tasks/build/lib/mars_rover_tasks
[1.441s] running install
[1.442s] running install_lib
[1.443s] creating /home/user/ros2_ws/install/mars_rover_tasks/lib/python3.10/site-packages/mars_rover_tasks
[1.445s] copying /home/user/ros2_ws/build/mars_rover_tasks/build/lib/mars_rover_tasks/text_recog.py -> /home/user/ros2_ws/install/mars_rover_tasks/lib/python3.10/site-packages/mars_rover_tasks
[1.445s] copying /home/user/ros2_ws/build/mars_rover_tasks/build/lib/mars_rover_tasks/__init__.py -> /home/user/ros2_ws/install/mars_rover_tasks/lib/python3.10/site-packages/mars_rover_tasks
[1.445s] copying /home/user/ros2_ws/build/mars_rover_tasks/build/lib/mars_rover_tasks/text_recog_node.py -> /home/user/ros2_ws/install/mars_rover_tasks/lib/python3.10/site-packages/mars_rover_tasks
[1.445s] byte-compiling /home/user/ros2_ws/install/mars_rover_tasks/lib/python3.10/site-packages/mars_rover_tasks/text_recog.py to text_recog.cpython-310.pyc
[1.445s] byte-compiling /home/user/ros2_ws/install/mars_rover_tasks/lib/python3.10/site-packages/mars_rover_tasks/__init__.py to __init__.cpython-310.pyc
[1.446s] byte-compiling /home/user/ros2_ws/install/mars_rover_tasks/lib/python3.10/site-packages/mars_rover_tasks/text_recog_node.py to text_recog_node.cpython-310.pyc
[1.446s] running install_data
[1.447s] creating /home/user/ros2_ws/install/mars_rover_tasks/share/ament_index
[1.447s] creating /home/user/ros2_ws/install/mars_rover_tasks/share/ament_index/resource_index
[1.447s] creating /home/user/ros2_ws/install/mars_rover_tasks/share/ament_index/resource_index/packages
[1.447s] copying resource/mars_rover_tasks -> /home/user/ros2_ws/install/mars_rover_tasks/share/ament_index/resource_index/packages
[1.447s] copying package.xml -> /home/user/ros2_ws/install/mars_rover_tasks/share/mars_rover_tasks
[1.447s] running install_egg_info
[1.449s] Copying ../../build/mars_rover_tasks/mars_rover_tasks.egg-info to /home/user/ros2_ws/install/mars_rover_tasks/lib/python3.10/site-packages/mars_rover_tasks-0.0.0-py3.10.egg-info
[1.451s] running install_scripts
[1.481s] Installing subscriber_obstacle_detector_executable script to /home/user/ros2_ws/install/mars_rover_tasks/lib/mars_rover_tasks
[1.481s] Installing text_recog_executable script to /home/user/ros2_ws/install/mars_rover_tasks/lib/mars_rover_tasks
[1.481s] writing list of installed files to '/home/user/ros2_ws/build/mars_rover_tasks/install.log'
[1.513s] Invoked command in '/home/user/ros2_ws/src/mars_rover_tasks' returned '0': PYTHONPATH=/home/user/ros2_ws/build/mars_rover_tasks/prefix_override:/home/user/ros2_ws/install/mars_rover_tasks/lib/python3.10/site-packages:${PYTHONPATH} _=/usr/bin/env /usr/bin/python3 -W ignore:setup.py install is deprecated setup.py egg_info --egg-base ../../build/mars_rover_tasks build --build-base /home/user/ros2_ws/build/mars_rover_tasks/build install --record /home/user/ros2_ws/build/mars_rover_tasks/install.log --single-version-externally-managed install_data
