[0.800s] Invoking command in '/home/user/ros2_ws/src/topics_quiz': PYTHONPATH=/home/user/ros2_ws/build/topics_quiz/prefix_override:/home/user/ros2_ws/install/topics_quiz/lib/python3.10/site-packages:${PYTHONPATH} _=/usr/bin/env /usr/bin/python3 -W ignore:setup.py install is deprecated setup.py egg_info --egg-base ../../build/topics_quiz build --build-base /home/user/ros2_ws/build/topics_quiz/build install --record /home/user/ros2_ws/build/topics_quiz/install.log --single-version-externally-managed install_data
[1.111s] running egg_info
[1.112s] creating ../../build/topics_quiz/topics_quiz.egg-info
[1.112s] writing ../../build/topics_quiz/topics_quiz.egg-info/PKG-INFO
[1.112s] writing dependency_links to ../../build/topics_quiz/topics_quiz.egg-info/dependency_links.txt
[1.113s] writing entry points to ../../build/topics_quiz/topics_quiz.egg-info/entry_points.txt
[1.113s] writing requirements to ../../build/topics_quiz/topics_quiz.egg-info/requires.txt
[1.113s] writing top-level names to ../../build/topics_quiz/topics_quiz.egg-info/top_level.txt
[1.113s] writing manifest file '../../build/topics_quiz/topics_quiz.egg-info/SOURCES.txt'
[1.115s] reading manifest file '../../build/topics_quiz/topics_quiz.egg-info/SOURCES.txt'
[1.115s] writing manifest file '../../build/topics_quiz/topics_quiz.egg-info/SOURCES.txt'
[1.115s] running build
[1.116s] running build_py
[1.116s] creating /home/user/ros2_ws/build/topics_quiz/build
[1.116s] creating /home/user/ros2_ws/build/topics_quiz/build/lib
[1.116s] creating /home/user/ros2_ws/build/topics_quiz/build/lib/topics_quiz
[1.116s] copying topics_quiz/__init__.py -> /home/user/ros2_ws/build/topics_quiz/build/lib/topics_quiz
[1.116s] copying topics_quiz/topics_quiz.py -> /home/user/ros2_ws/build/topics_quiz/build/lib/topics_quiz
[1.117s] running install
[1.117s] running install_lib
[1.118s] creating /home/user/ros2_ws/install/topics_quiz/lib/python3.10/site-packages/topics_quiz
[1.118s] copying /home/user/ros2_ws/build/topics_quiz/build/lib/topics_quiz/__init__.py -> /home/user/ros2_ws/install/topics_quiz/lib/python3.10/site-packages/topics_quiz
[1.118s] copying /home/user/ros2_ws/build/topics_quiz/build/lib/topics_quiz/topics_quiz.py -> /home/user/ros2_ws/install/topics_quiz/lib/python3.10/site-packages/topics_quiz
[1.119s] byte-compiling /home/user/ros2_ws/install/topics_quiz/lib/python3.10/site-packages/topics_quiz/__init__.py to __init__.cpython-310.pyc
[1.119s] byte-compiling /home/user/ros2_ws/install/topics_quiz/lib/python3.10/site-packages/topics_quiz/topics_quiz.py to topics_quiz.cpython-310.pyc
[1.120s] running install_data
[1.120s] creating /home/user/ros2_ws/install/topics_quiz/share/ament_index
[1.120s] creating /home/user/ros2_ws/install/topics_quiz/share/ament_index/resource_index
[1.120s] creating /home/user/ros2_ws/install/topics_quiz/share/ament_index/resource_index/packages
[1.120s] copying resource/topics_quiz -> /home/user/ros2_ws/install/topics_quiz/share/ament_index/resource_index/packages
[1.120s] copying package.xml -> /home/user/ros2_ws/install/topics_quiz/share/topics_quiz
[1.120s] running install_egg_info
[1.124s] Copying ../../build/topics_quiz/topics_quiz.egg-info to /home/user/ros2_ws/install/topics_quiz/lib/python3.10/site-packages/topics_quiz-0.0.0-py3.10.egg-info
[1.124s] running install_scripts
[1.149s] Installing topics_quiz_node script to /home/user/ros2_ws/install/topics_quiz/lib/topics_quiz
[1.149s] writing list of installed files to '/home/user/ros2_ws/build/topics_quiz/install.log'
[1.175s] Invoked command in '/home/user/ros2_ws/src/topics_quiz' returned '0': PYTHONPATH=/home/user/ros2_ws/build/topics_quiz/prefix_override:/home/user/ros2_ws/install/topics_quiz/lib/python3.10/site-packages:${PYTHONPATH} _=/usr/bin/env /usr/bin/python3 -W ignore:setup.py install is deprecated setup.py egg_info --egg-base ../../build/topics_quiz build --build-base /home/user/ros2_ws/build/topics_quiz/build install --record /home/user/ros2_ws/build/topics_quiz/install.log --single-version-externally-managed install_data
