[0.076s] Invoking command in '/home/user/ros2_ws/build/custom_interfaces': CMAKE_PREFIX_PATH=${CMAKE_PREFIX_PATH}:/home/simulations/ros2_sims_ws/install/robot_description _=/usr/bin/env /usr/bin/cmake --build /home/user/ros2_ws/build/custom_interfaces -- -j8 -l8
[0.585s] [35m[1mConsolidate compiler generated dependencies of target custom_interfaces__rosidl_generator_c[0m
[0.586s] [  3%] Built target custom_interfaces__cpp
[0.586s] [35m[1mConsolidate compiler generated dependencies of target custom_interfaces__rosidl_typesupport_cpp[0m
[0.586s] [ 12%] Built target custom_interfaces__rosidl_generator_c
[0.586s] [35m[1mConsolidate compiler generated dependencies of target custom_interfaces__rosidl_typesupport_introspection_cpp[0m
[0.586s] [ 22%] Built target custom_interfaces__rosidl_typesupport_cpp
[0.586s] [ 22%] Built target ament_cmake_python_copy_custom_interfaces
[0.586s] [35m[1mConsolidate compiler generated dependencies of target custom_interfaces__rosidl_typesupport_introspection_c[0m
[0.587s] [ 32%] Built target custom_interfaces__rosidl_typesupport_introspection_cpp
[0.587s] [35m[1mConsolidate compiler generated dependencies of target custom_interfaces__rosidl_typesupport_c[0m
[0.587s] [ 41%] Built target custom_interfaces__rosidl_typesupport_introspection_c
[0.587s] [ 51%] Built target custom_interfaces__rosidl_typesupport_c
[0.587s] [35m[1mConsolidate compiler generated dependencies of target custom_interfaces__rosidl_typesupport_fastrtps_c[0m
[0.587s] [35m[1mConsolidate compiler generated dependencies of target custom_interfaces__rosidl_typesupport_fastrtps_cpp[0m
[0.587s] [ 61%] Built target custom_interfaces__rosidl_typesupport_fastrtps_cpp
[0.587s] [ 70%] Built target custom_interfaces__rosidl_typesupport_fastrtps_c
[0.587s] [ 70%] Built target custom_interfaces
[0.587s] [ 74%] Built target custom_interfaces__py
[0.615s] [35m[1mConsolidate compiler generated dependencies of target custom_interfaces__rosidl_generator_py[0m
[0.647s] [ 80%] Built target custom_interfaces__rosidl_generator_py
[0.706s] [35m[1mConsolidate compiler generated dependencies of target custom_interfaces__rosidl_typesupport_introspection_c__pyext[0m
[0.706s] [35m[1mConsolidate compiler generated dependencies of target custom_interfaces__rosidl_typesupport_fastrtps_c__pyext[0m
[0.720s] [ 87%] Built target custom_interfaces__rosidl_typesupport_introspection_c__pyext
[0.727s] [ 93%] Built target custom_interfaces__rosidl_typesupport_fastrtps_c__pyext
[0.737s] [35m[1mConsolidate compiler generated dependencies of target custom_interfaces__rosidl_typesupport_c__pyext[0m
[0.759s] [100%] Built target custom_interfaces__rosidl_typesupport_c__pyext
[0.939s] running egg_info
[0.940s] writing custom_interfaces.egg-info/PKG-INFO
[0.940s] writing dependency_links to custom_interfaces.egg-info/dependency_links.txt
[0.942s] writing top-level names to custom_interfaces.egg-info/top_level.txt
[0.950s] reading manifest file 'custom_interfaces.egg-info/SOURCES.txt'
[0.950s] writing manifest file 'custom_interfaces.egg-info/SOURCES.txt'
[0.988s] [100%] Built target ament_cmake_python_build_custom_interfaces_egg
[1.101s] Invoked command in '/home/user/ros2_ws/build/custom_interfaces' returned '0': CMAKE_PREFIX_PATH=${CMAKE_PREFIX_PATH}:/home/simulations/ros2_sims_ws/install/robot_description _=/usr/bin/env /usr/bin/cmake --build /home/user/ros2_ws/build/custom_interfaces -- -j8 -l8
[1.528s] Invoking command in '/home/user/ros2_ws/build/custom_interfaces': CMAKE_PREFIX_PATH=${CMAKE_PREFIX_PATH}:/home/simulations/ros2_sims_ws/install/robot_description _=/usr/bin/env /usr/bin/cmake --install /home/user/ros2_ws/build/custom_interfaces
[1.542s] -- Install configuration: ""
[1.544s] -- Up-to-date: /home/user/ros2_ws/install/custom_interfaces/share/ament_index/resource_index/rosidl_interfaces/custom_interfaces
[1.544s] -- Up-to-date: /home/user/ros2_ws/install/custom_interfaces/include/custom_interfaces/custom_interfaces
[1.545s] -- Up-to-date: /home/user/ros2_ws/install/custom_interfaces/include/custom_interfaces/custom_interfaces/msg
[1.545s] -- Up-to-date: /home/user/ros2_ws/install/custom_interfaces/include/custom_interfaces/custom_interfaces/msg/detail
[1.545s] -- Up-to-date: /home/user/ros2_ws/install/custom_interfaces/include/custom_interfaces/custom_interfaces/msg/detail/rover_events__struct.h
[1.545s] -- Up-to-date: /home/user/ros2_ws/install/custom_interfaces/include/custom_interfaces/custom_interfaces/msg/detail/rover_events__functions.c
[1.546s] -- Up-to-date: /home/user/ros2_ws/install/custom_interfaces/include/custom_interfaces/custom_interfaces/msg/detail/rover_events__type_support.h
[1.546s] -- Up-to-date: /home/user/ros2_ws/install/custom_interfaces/include/custom_interfaces/custom_interfaces/msg/detail/rover_events__functions.h
[1.546s] -- Up-to-date: /home/user/ros2_ws/install/custom_interfaces/include/custom_interfaces/custom_interfaces/msg/rosidl_generator_c__visibility_control.h
[1.546s] -- Up-to-date: /home/user/ros2_ws/install/custom_interfaces/include/custom_interfaces/custom_interfaces/msg/rover_events.h
[1.547s] -- Up-to-date: /home/user/ros2_ws/install/custom_interfaces/share/custom_interfaces/environment/library_path.sh
[1.547s] -- Up-to-date: /home/user/ros2_ws/install/custom_interfaces/share/custom_interfaces/environment/library_path.dsv
[1.549s] -- Up-to-date: /home/user/ros2_ws/install/custom_interfaces/lib/libcustom_interfaces__rosidl_generator_c.so
[1.550s] -- Up-to-date: /home/user/ros2_ws/install/custom_interfaces/include/custom_interfaces/custom_interfaces
[1.551s] -- Up-to-date: /home/user/ros2_ws/install/custom_interfaces/include/custom_interfaces/custom_interfaces/msg
[1.551s] -- Up-to-date: /home/user/ros2_ws/install/custom_interfaces/include/custom_interfaces/custom_interfaces/msg/detail
[1.551s] -- Up-to-date: /home/user/ros2_ws/install/custom_interfaces/include/custom_interfaces/custom_interfaces/msg/detail/rover_events__rosidl_typesupport_fastrtps_c.h
[1.551s] -- Up-to-date: /home/user/ros2_ws/install/custom_interfaces/include/custom_interfaces/custom_interfaces/msg/rosidl_typesupport_fastrtps_c__visibility_control.h
[1.551s] -- Up-to-date: /home/user/ros2_ws/install/custom_interfaces/lib/libcustom_interfaces__rosidl_typesupport_fastrtps_c.so
[1.552s] -- Up-to-date: /home/user/ros2_ws/install/custom_interfaces/include/custom_interfaces/custom_interfaces
[1.553s] -- Up-to-date: /home/user/ros2_ws/install/custom_interfaces/include/custom_interfaces/custom_interfaces/msg
[1.553s] -- Up-to-date: /home/user/ros2_ws/install/custom_interfaces/include/custom_interfaces/custom_interfaces/msg/detail
[1.553s] -- Up-to-date: /home/user/ros2_ws/install/custom_interfaces/include/custom_interfaces/custom_interfaces/msg/detail/rover_events__traits.hpp
[1.554s] -- Up-to-date: /home/user/ros2_ws/install/custom_interfaces/include/custom_interfaces/custom_interfaces/msg/detail/rover_events__builder.hpp
[1.554s] -- Up-to-date: /home/user/ros2_ws/install/custom_interfaces/include/custom_interfaces/custom_interfaces/msg/detail/rover_events__struct.hpp
[1.554s] -- Up-to-date: /home/user/ros2_ws/install/custom_interfaces/include/custom_interfaces/custom_interfaces/msg/rover_events.hpp
[1.554s] -- Up-to-date: /home/user/ros2_ws/install/custom_interfaces/include/custom_interfaces/custom_interfaces
[1.554s] -- Up-to-date: /home/user/ros2_ws/install/custom_interfaces/include/custom_interfaces/custom_interfaces/msg
[1.554s] -- Up-to-date: /home/user/ros2_ws/install/custom_interfaces/include/custom_interfaces/custom_interfaces/msg/detail
[1.554s] -- Up-to-date: /home/user/ros2_ws/install/custom_interfaces/include/custom_interfaces/custom_interfaces/msg/detail/dds_fastrtps
[1.555s] -- Up-to-date: /home/user/ros2_ws/install/custom_interfaces/include/custom_interfaces/custom_interfaces/msg/detail/rover_events__rosidl_typesupport_fastrtps_cpp.hpp
[1.555s] -- Up-to-date: /home/user/ros2_ws/install/custom_interfaces/include/custom_interfaces/custom_interfaces/msg/rosidl_typesupport_fastrtps_cpp__visibility_control.h
[1.555s] -- Up-to-date: /home/user/ros2_ws/install/custom_interfaces/lib/libcustom_interfaces__rosidl_typesupport_fastrtps_cpp.so
[1.555s] -- Up-to-date: /home/user/ros2_ws/install/custom_interfaces/include/custom_interfaces/custom_interfaces
[1.555s] -- Up-to-date: /home/user/ros2_ws/install/custom_interfaces/include/custom_interfaces/custom_interfaces/msg
[1.555s] -- Up-to-date: /home/user/ros2_ws/install/custom_interfaces/include/custom_interfaces/custom_interfaces/msg/detail
[1.555s] -- Up-to-date: /home/user/ros2_ws/install/custom_interfaces/include/custom_interfaces/custom_interfaces/msg/detail/rover_events__type_support.c
[1.555s] -- Up-to-date: /home/user/ros2_ws/install/custom_interfaces/include/custom_interfaces/custom_interfaces/msg/detail/rover_events__rosidl_typesupport_introspection_c.h
[1.555s] -- Up-to-date: /home/user/ros2_ws/install/custom_interfaces/include/custom_interfaces/custom_interfaces/msg/rosidl_typesupport_introspection_c__visibility_control.h
[1.555s] -- Up-to-date: /home/user/ros2_ws/install/custom_interfaces/lib/libcustom_interfaces__rosidl_typesupport_introspection_c.so
[1.556s] -- Up-to-date: /home/user/ros2_ws/install/custom_interfaces/lib/libcustom_interfaces__rosidl_typesupport_c.so
[1.556s] -- Up-to-date: /home/user/ros2_ws/install/custom_interfaces/include/custom_interfaces/custom_interfaces
[1.556s] -- Up-to-date: /home/user/ros2_ws/install/custom_interfaces/include/custom_interfaces/custom_interfaces/msg
[1.556s] -- Up-to-date: /home/user/ros2_ws/install/custom_interfaces/include/custom_interfaces/custom_interfaces/msg/detail
[1.558s] -- Up-to-date: /home/user/ros2_ws/install/custom_interfaces/include/custom_interfaces/custom_interfaces/msg/detail/rover_events__type_support.cpp
[1.558s] -- Up-to-date: /home/user/ros2_ws/install/custom_interfaces/include/custom_interfaces/custom_interfaces/msg/detail/rover_events__rosidl_typesupport_introspection_cpp.hpp
[1.558s] -- Up-to-date: /home/user/ros2_ws/install/custom_interfaces/lib/libcustom_interfaces__rosidl_typesupport_introspection_cpp.so
[1.559s] -- Up-to-date: /home/user/ros2_ws/install/custom_interfaces/lib/libcustom_interfaces__rosidl_typesupport_cpp.so
[1.559s] -- Up-to-date: /home/user/ros2_ws/install/custom_interfaces/share/custom_interfaces/environment/pythonpath.sh
[1.559s] -- Up-to-date: /home/user/ros2_ws/install/custom_interfaces/share/custom_interfaces/environment/pythonpath.dsv
[1.560s] -- Up-to-date: /home/user/ros2_ws/install/custom_interfaces/local/lib/python3.10/dist-packages/custom_interfaces-0.0.0-py3.10.egg-info
[1.560s] -- Installing: /home/user/ros2_ws/install/custom_interfaces/local/lib/python3.10/dist-packages/custom_interfaces-0.0.0-py3.10.egg-info/PKG-INFO
[1.560s] -- Installing: /home/user/ros2_ws/install/custom_interfaces/local/lib/python3.10/dist-packages/custom_interfaces-0.0.0-py3.10.egg-info/top_level.txt
[1.560s] -- Installing: /home/user/ros2_ws/install/custom_interfaces/local/lib/python3.10/dist-packages/custom_interfaces-0.0.0-py3.10.egg-info/SOURCES.txt
[1.560s] -- Installing: /home/user/ros2_ws/install/custom_interfaces/local/lib/python3.10/dist-packages/custom_interfaces-0.0.0-py3.10.egg-info/dependency_links.txt
[1.560s] -- Up-to-date: /home/user/ros2_ws/install/custom_interfaces/local/lib/python3.10/dist-packages/custom_interfaces
[1.560s] -- Up-to-date: /home/user/ros2_ws/install/custom_interfaces/local/lib/python3.10/dist-packages/custom_interfaces/custom_interfaces_s__rosidl_typesupport_introspection_c.cpython-310-x86_64-linux-gnu.so
[1.560s] -- Up-to-date: /home/user/ros2_ws/install/custom_interfaces/local/lib/python3.10/dist-packages/custom_interfaces/msg
[1.561s] -- Up-to-date: /home/user/ros2_ws/install/custom_interfaces/local/lib/python3.10/dist-packages/custom_interfaces/msg/_rover_events.py
[1.561s] -- Up-to-date: /home/user/ros2_ws/install/custom_interfaces/local/lib/python3.10/dist-packages/custom_interfaces/msg/__init__.py
[1.561s] -- Up-to-date: /home/user/ros2_ws/install/custom_interfaces/local/lib/python3.10/dist-packages/custom_interfaces/msg/_rover_events_s.c
[1.561s] -- Up-to-date: /home/user/ros2_ws/install/custom_interfaces/local/lib/python3.10/dist-packages/custom_interfaces/_custom_interfaces_s.ep.rosidl_typesupport_introspection_c.c
[1.561s] -- Up-to-date: /home/user/ros2_ws/install/custom_interfaces/local/lib/python3.10/dist-packages/custom_interfaces/libcustom_interfaces__rosidl_generator_py.so
[1.561s] -- Up-to-date: /home/user/ros2_ws/install/custom_interfaces/local/lib/python3.10/dist-packages/custom_interfaces/_custom_interfaces_s.ep.rosidl_typesupport_c.c
[1.561s] -- Up-to-date: /home/user/ros2_ws/install/custom_interfaces/local/lib/python3.10/dist-packages/custom_interfaces/__init__.py
[1.561s] -- Up-to-date: /home/user/ros2_ws/install/custom_interfaces/local/lib/python3.10/dist-packages/custom_interfaces/custom_interfaces_s__rosidl_typesupport_c.cpython-310-x86_64-linux-gnu.so
[1.561s] -- Up-to-date: /home/user/ros2_ws/install/custom_interfaces/local/lib/python3.10/dist-packages/custom_interfaces/_custom_interfaces_s.ep.rosidl_typesupport_fastrtps_c.c
[1.561s] -- Up-to-date: /home/user/ros2_ws/install/custom_interfaces/local/lib/python3.10/dist-packages/custom_interfaces/custom_interfaces_s__rosidl_typesupport_fastrtps_c.cpython-310-x86_64-linux-gnu.so
[1.648s] Listing '/home/user/ros2_ws/install/custom_interfaces/local/lib/python3.10/dist-packages/custom_interfaces'...
[1.648s] Listing '/home/user/ros2_ws/install/custom_interfaces/local/lib/python3.10/dist-packages/custom_interfaces/msg'...
[1.653s] -- Up-to-date: /home/user/ros2_ws/install/custom_interfaces/local/lib/python3.10/dist-packages/custom_interfaces/custom_interfaces_s__rosidl_typesupport_fastrtps_c.cpython-310-x86_64-linux-gnu.so
[1.653s] -- Up-to-date: /home/user/ros2_ws/install/custom_interfaces/local/lib/python3.10/dist-packages/custom_interfaces/custom_interfaces_s__rosidl_typesupport_introspection_c.cpython-310-x86_64-linux-gnu.so
[1.653s] -- Up-to-date: /home/user/ros2_ws/install/custom_interfaces/local/lib/python3.10/dist-packages/custom_interfaces/custom_interfaces_s__rosidl_typesupport_c.cpython-310-x86_64-linux-gnu.so
[1.653s] -- Up-to-date: /home/user/ros2_ws/install/custom_interfaces/lib/libcustom_interfaces__rosidl_generator_py.so
[1.653s] -- Up-to-date: /home/user/ros2_ws/install/custom_interfaces/share/custom_interfaces/msg/RoverEvents.idl
[1.653s] -- Up-to-date: /home/user/ros2_ws/install/custom_interfaces/share/custom_interfaces/msg/RoverEvents.msg
[1.653s] -- Up-to-date: /home/user/ros2_ws/install/custom_interfaces/share/ament_index/resource_index/package_run_dependencies/custom_interfaces
[1.653s] -- Up-to-date: /home/user/ros2_ws/install/custom_interfaces/share/ament_index/resource_index/parent_prefix_path/custom_interfaces
[1.653s] -- Up-to-date: /home/user/ros2_ws/install/custom_interfaces/share/custom_interfaces/environment/ament_prefix_path.sh
[1.654s] -- Up-to-date: /home/user/ros2_ws/install/custom_interfaces/share/custom_interfaces/environment/ament_prefix_path.dsv
[1.654s] -- Up-to-date: /home/user/ros2_ws/install/custom_interfaces/share/custom_interfaces/environment/path.sh
[1.654s] -- Up-to-date: /home/user/ros2_ws/install/custom_interfaces/share/custom_interfaces/environment/path.dsv
[1.654s] -- Up-to-date: /home/user/ros2_ws/install/custom_interfaces/share/custom_interfaces/local_setup.bash
[1.655s] -- Up-to-date: /home/user/ros2_ws/install/custom_interfaces/share/custom_interfaces/local_setup.sh
[1.655s] -- Up-to-date: /home/user/ros2_ws/install/custom_interfaces/share/custom_interfaces/local_setup.zsh
[1.655s] -- Up-to-date: /home/user/ros2_ws/install/custom_interfaces/share/custom_interfaces/local_setup.dsv
[1.656s] -- Installing: /home/user/ros2_ws/install/custom_interfaces/share/custom_interfaces/package.dsv
[1.656s] -- Up-to-date: /home/user/ros2_ws/install/custom_interfaces/share/ament_index/resource_index/packages/custom_interfaces
[1.656s] -- Up-to-date: /home/user/ros2_ws/install/custom_interfaces/share/custom_interfaces/cmake/export_custom_interfaces__rosidl_generator_cExport.cmake
[1.656s] -- Up-to-date: /home/user/ros2_ws/install/custom_interfaces/share/custom_interfaces/cmake/export_custom_interfaces__rosidl_generator_cExport-noconfig.cmake
[1.657s] -- Up-to-date: /home/user/ros2_ws/install/custom_interfaces/share/custom_interfaces/cmake/export_custom_interfaces__rosidl_typesupport_fastrtps_cExport.cmake
[1.657s] -- Up-to-date: /home/user/ros2_ws/install/custom_interfaces/share/custom_interfaces/cmake/export_custom_interfaces__rosidl_typesupport_fastrtps_cExport-noconfig.cmake
[1.657s] -- Up-to-date: /home/user/ros2_ws/install/custom_interfaces/share/custom_interfaces/cmake/export_custom_interfaces__rosidl_generator_cppExport.cmake
[1.657s] -- Up-to-date: /home/user/ros2_ws/install/custom_interfaces/share/custom_interfaces/cmake/export_custom_interfaces__rosidl_typesupport_fastrtps_cppExport.cmake
[1.657s] -- Up-to-date: /home/user/ros2_ws/install/custom_interfaces/share/custom_interfaces/cmake/export_custom_interfaces__rosidl_typesupport_fastrtps_cppExport-noconfig.cmake
[1.657s] -- Up-to-date: /home/user/ros2_ws/install/custom_interfaces/share/custom_interfaces/cmake/custom_interfaces__rosidl_typesupport_introspection_cExport.cmake
[1.657s] -- Up-to-date: /home/user/ros2_ws/install/custom_interfaces/share/custom_interfaces/cmake/custom_interfaces__rosidl_typesupport_introspection_cExport-noconfig.cmake
[1.657s] -- Up-to-date: /home/user/ros2_ws/install/custom_interfaces/share/custom_interfaces/cmake/custom_interfaces__rosidl_typesupport_cExport.cmake
[1.658s] -- Up-to-date: /home/user/ros2_ws/install/custom_interfaces/share/custom_interfaces/cmake/custom_interfaces__rosidl_typesupport_cExport-noconfig.cmake
[1.658s] -- Up-to-date: /home/user/ros2_ws/install/custom_interfaces/share/custom_interfaces/cmake/custom_interfaces__rosidl_typesupport_introspection_cppExport.cmake
[1.658s] -- Up-to-date: /home/user/ros2_ws/install/custom_interfaces/share/custom_interfaces/cmake/custom_interfaces__rosidl_typesupport_introspection_cppExport-noconfig.cmake
[1.658s] -- Up-to-date: /home/user/ros2_ws/install/custom_interfaces/share/custom_interfaces/cmake/custom_interfaces__rosidl_typesupport_cppExport.cmake
[1.658s] -- Up-to-date: /home/user/ros2_ws/install/custom_interfaces/share/custom_interfaces/cmake/custom_interfaces__rosidl_typesupport_cppExport-noconfig.cmake
[1.658s] -- Up-to-date: /home/user/ros2_ws/install/custom_interfaces/share/custom_interfaces/cmake/export_custom_interfaces__rosidl_generator_pyExport.cmake
[1.658s] -- Up-to-date: /home/user/ros2_ws/install/custom_interfaces/share/custom_interfaces/cmake/export_custom_interfaces__rosidl_generator_pyExport-noconfig.cmake
[1.658s] -- Up-to-date: /home/user/ros2_ws/install/custom_interfaces/share/custom_interfaces/cmake/rosidl_cmake-extras.cmake
[1.658s] -- Up-to-date: /home/user/ros2_ws/install/custom_interfaces/share/custom_interfaces/cmake/ament_cmake_export_dependencies-extras.cmake
[1.658s] -- Up-to-date: /home/user/ros2_ws/install/custom_interfaces/share/custom_interfaces/cmake/ament_cmake_export_include_directories-extras.cmake
[1.659s] -- Up-to-date: /home/user/ros2_ws/install/custom_interfaces/share/custom_interfaces/cmake/ament_cmake_export_libraries-extras.cmake
[1.659s] -- Up-to-date: /home/user/ros2_ws/install/custom_interfaces/share/custom_interfaces/cmake/ament_cmake_export_targets-extras.cmake
[1.659s] -- Up-to-date: /home/user/ros2_ws/install/custom_interfaces/share/custom_interfaces/cmake/rosidl_cmake_export_typesupport_targets-extras.cmake
[1.659s] -- Up-to-date: /home/user/ros2_ws/install/custom_interfaces/share/custom_interfaces/cmake/rosidl_cmake_export_typesupport_libraries-extras.cmake
[1.659s] -- Up-to-date: /home/user/ros2_ws/install/custom_interfaces/share/custom_interfaces/cmake/custom_interfacesConfig.cmake
[1.659s] -- Up-to-date: /home/user/ros2_ws/install/custom_interfaces/share/custom_interfaces/cmake/custom_interfacesConfig-version.cmake
[1.659s] -- Up-to-date: /home/user/ros2_ws/install/custom_interfaces/share/custom_interfaces/package.xml
[1.663s] Invoked command in '/home/user/ros2_ws/build/custom_interfaces' returned '0': CMAKE_PREFIX_PATH=${CMAKE_PREFIX_PATH}:/home/simulations/ros2_sims_ws/install/robot_description _=/usr/bin/env /usr/bin/cmake --install /home/user/ros2_ws/build/custom_interfaces
