[1.093s] Invoking command in '/home/user/ros2_ws/src/topics_quiz': PYTHONPATH=/home/user/ros2_ws/build/topics_quiz/prefix_override:/home/user/ros2_ws/install/topics_quiz/lib/python3.10/site-packages:${PYTHONPATH} _=/usr/bin/env /usr/bin/python3 -W ignore:setup.py install is deprecated setup.py egg_info --egg-base ../../build/topics_quiz build --build-base /home/user/ros2_ws/build/topics_quiz/build install --record /home/user/ros2_ws/build/topics_quiz/install.log --single-version-externally-managed install_data
[1.487s] running egg_info
[1.489s] writing ../../build/topics_quiz/topics_quiz.egg-info/PKG-INFO
[1.490s] writing dependency_links to ../../build/topics_quiz/topics_quiz.egg-info/dependency_links.txt
[1.490s] writing entry points to ../../build/topics_quiz/topics_quiz.egg-info/entry_points.txt
[1.491s] writing requirements to ../../build/topics_quiz/topics_quiz.egg-info/requires.txt
[1.492s] writing top-level names to ../../build/topics_quiz/topics_quiz.egg-info/top_level.txt
[1.495s] reading manifest file '../../build/topics_quiz/topics_quiz.egg-info/SOURCES.txt'
[1.495s] writing manifest file '../../build/topics_quiz/topics_quiz.egg-info/SOURCES.txt'
[1.496s] running build
[1.496s] running build_py
[1.496s] running install
[1.496s] running install_lib
[1.497s] running install_data
[1.497s] running install_egg_info
[1.499s] removing '/home/user/ros2_ws/install/topics_quiz/lib/python3.10/site-packages/topics_quiz-0.0.0-py3.10.egg-info' (and everything under it)
[1.500s] Copying ../../build/topics_quiz/topics_quiz.egg-info to /home/user/ros2_ws/install/topics_quiz/lib/python3.10/site-packages/topics_quiz-0.0.0-py3.10.egg-info
[1.501s] running install_scripts
[1.528s] Installing topics_quiz_node script to /home/user/ros2_ws/install/topics_quiz/lib/topics_quiz
[1.528s] writing list of installed files to '/home/user/ros2_ws/build/topics_quiz/install.log'
[1.554s] Invoked command in '/home/user/ros2_ws/src/topics_quiz' returned '0': PYTHONPATH=/home/user/ros2_ws/build/topics_quiz/prefix_override:/home/user/ros2_ws/install/topics_quiz/lib/python3.10/site-packages:${PYTHONPATH} _=/usr/bin/env /usr/bin/python3 -W ignore:setup.py install is deprecated setup.py egg_info --egg-base ../../build/topics_quiz build --build-base /home/user/ros2_ws/build/topics_quiz/build install --record /home/user/ros2_ws/build/topics_quiz/install.log --single-version-externally-managed install_data
