[1.937s] Invoking command in '/home/user/ros2_ws/src/topics_quiz': PYTHONPATH=/home/user/ros2_ws/build/topics_quiz/prefix_override:/home/user/ros2_ws/install/topics_quiz/lib/python3.10/site-packages:${PYTHONPATH} _=/usr/bin/env /usr/bin/python3 -W ignore:setup.py install is deprecated setup.py egg_info --egg-base ../../build/topics_quiz build --build-base /home/user/ros2_ws/build/topics_quiz/build install --record /home/user/ros2_ws/build/topics_quiz/install.log --single-version-externally-managed install_data
[2.315s] running egg_info
[2.317s] writing ../../build/topics_quiz/topics_quiz.egg-info/PKG-INFO
[2.317s] writing dependency_links to ../../build/topics_quiz/topics_quiz.egg-info/dependency_links.txt
[2.318s] writing entry points to ../../build/topics_quiz/topics_quiz.egg-info/entry_points.txt
[2.318s] writing requirements to ../../build/topics_quiz/topics_quiz.egg-info/requires.txt
[2.318s] writing top-level names to ../../build/topics_quiz/topics_quiz.egg-info/top_level.txt
[2.320s] reading manifest file '../../build/topics_quiz/topics_quiz.egg-info/SOURCES.txt'
[2.321s] writing manifest file '../../build/topics_quiz/topics_quiz.egg-info/SOURCES.txt'
[2.321s] running build
[2.321s] running build_py
[2.322s] running install
[2.322s] running install_lib
[2.324s] running install_data
[2.324s] running install_egg_info
[2.327s] removing '/home/user/ros2_ws/install/topics_quiz/lib/python3.10/site-packages/topics_quiz-0.0.0-py3.10.egg-info' (and everything under it)
[2.327s] Copying ../../build/topics_quiz/topics_quiz.egg-info to /home/user/ros2_ws/install/topics_quiz/lib/python3.10/site-packages/topics_quiz-0.0.0-py3.10.egg-info
[2.328s] running install_scripts
[2.365s] Installing topics_quiz_node script to /home/user/ros2_ws/install/topics_quiz/lib/topics_quiz
[2.366s] writing list of installed files to '/home/user/ros2_ws/build/topics_quiz/install.log'
[2.401s] Invoked command in '/home/user/ros2_ws/src/topics_quiz' returned '0': PYTHONPATH=/home/user/ros2_ws/build/topics_quiz/prefix_override:/home/user/ros2_ws/install/topics_quiz/lib/python3.10/site-packages:${PYTHONPATH} _=/usr/bin/env /usr/bin/python3 -W ignore:setup.py install is deprecated setup.py egg_info --egg-base ../../build/topics_quiz build --build-base /home/user/ros2_ws/build/topics_quiz/build install --record /home/user/ros2_ws/build/topics_quiz/install.log --single-version-externally-managed install_data
